<?xml version="1.0" encoding="UTF-8"?>
<testng-results ignored="0" total="1" passed="1" failed="0" skipped="0">
  <reporter-output>
    <line>
      <![CDATA[hi]]>
    </line>
  </reporter-output>
  <suite started-at="2024-10-17T17:20:22 IST" name="Default suite" finished-at="2024-10-17T17:20:22 IST" duration-ms="183">
    <groups>
    </groups>
    <test started-at="2024-10-17T17:20:22 IST" name="Default test" finished-at="2024-10-17T17:20:22 IST" duration-ms="183">
      <class name="Demo.Demo2">
        <test-method signature="test3()[pri:0, instance:Demo.Demo2@4efc180e]" started-at="2024-10-17T17:20:22 IST" name="test3" finished-at="2024-10-17T17:20:22 IST" duration-ms="42" status="PASS">
          <reporter-output>
            <line>
              <![CDATA[hi]]>
            </line>
          </reporter-output>
        </test-method> <!-- test3 -->
      </class> <!-- Demo.Demo2 -->
    </test> <!-- Default test -->
  </suite> <!-- Default suite -->
</testng-results>
