<?xml version="1.0" encoding="UTF-8"?>
<!-- Generated by org.testng.reporters.JUnitXMLReporter -->
<testsuite ignored="0" hostname="DESKTOP-D58LBFN" failures="0" tests="4" name="Test" time="0.201" errors="0" timestamp="2024-09-21T12:43:59 IST">
  <testcase classname="qsp2.San4" name="test2" time="0.032"/>
  <testcase classname="qsp2.San3" name="test2" time="0.013"/>
  <testcase classname="qsp1.San2" name="test2" time="0.009"/>
  <testcase classname="qsp1.San1" name="test1" time="0.012"/>
</testsuite> <!-- Test -->
