<?xml version="1.0" encoding="UTF-8"?>
<testng-results ignored="0" total="1" passed="1" failed="0" skipped="0">
  <reporter-output>
  </reporter-output>
  <suite started-at="2024-10-29T11:45:51 IST" name="Default suite" finished-at="2024-10-29T11:45:58 IST" duration-ms="7071">
    <groups>
    </groups>
    <test started-at="2024-10-29T11:45:51 IST" name="Default test" finished-at="2024-10-29T11:45:58 IST" duration-ms="7071">
      <class name="aPISCRIPTS.Getshooperdata">
        <test-method signature="log()[pri:0, instance:aPISCRIPTS.Getshooperdata@60099951]" started-at="2024-10-29T11:45:51 IST" name="log" finished-at="2024-10-29T11:45:58 IST" duration-ms="6916" status="PASS">
          <reporter-output>
          </reporter-output>
        </test-method> <!-- log -->
      </class> <!-- aPISCRIPTS.Getshooperdata -->
    </test> <!-- Default test -->
  </suite> <!-- Default suite -->
</testng-results>
