<?xml version="1.0" encoding="UTF-8"?>
<!-- Generated by org.testng.reporters.JUnitXMLReporter -->
<testsuite ignored="0" hostname="DESKTOP-D58LBFN" failures="0" tests="4" name="ALL" time="0.247" errors="0" timestamp="2024-10-02T22:06:13 IST">
  <testcase classname="groups.Signup" name="TC01" time="0.039"/>
  <testcase classname="groups.Signup" name="TC02" time="0.006"/>
  <testcase classname="groups.Signup" name="TC03" time="0.015"/>
  <testcase classname="groups.Signup" name="TC04" time="0.013"/>
</testsuite> <!-- ALL -->
