<?xml version="1.0" encoding="UTF-8"?>
<!-- Generated by org.testng.reporters.JUnitXMLReporter -->
<testsuite ignored="0" hostname="DESKTOP-D58LBFN" failures="0" tests="8" name="FT Tc" time="0.423" errors="0" timestamp="2024-10-02T21:33:12 IST">
  <testcase classname="groups.Homepage" name="TC01" time="0.04"/>
  <testcase classname="groups.Homepage" name="TC02" time="0.011"/>
  <testcase classname="groups.Homepage" name="TC03" time="0.015"/>
  <testcase classname="groups.Homepage" name="TC04" time="0.022"/>
  <testcase classname="groups.Login" name="TC01" time="0.031"/>
  <testcase classname="groups.Login" name="TC02" time="0.024"/>
  <testcase classname="groups.Login" name="TC03" time="0.008"/>
  <testcase classname="groups.Login" name="TC04" time="0.006"/>
</testsuite> <!-- FT Tc -->
