<?xml version="1.0" encoding="UTF-8"?>
<!-- Generated by org.testng.reporters.JUnitXMLReporter -->
<testsuite ignored="0" hostname="DESKTOP-D58LBFN" failures="1" tests="3" name="Test" time="0.253" errors="0" timestamp="2024-10-05T17:29:32 IST">
  <testcase classname="runnerscript.ruunerfoeLISTNER" name="compose" time="0.033"/>
  <testcase classname="runnerscript.ruunerfoeLISTNER" name="sentItem" time="0.016">
    <failure type="java.lang.AssertionError" message="null">
      <![CDATA[java.lang.AssertionError: null
at runnerscript.ruunerfoeLISTNER.sentItem(ruunerfoeLISTNER.java:17)
at java.base/java.util.ArrayList.forEach(ArrayList.java:1597)
... Removed 27 stack frames]]>
    </failure>
  </testcase> <!-- sentItem -->
  <testcase classname="runnerscript.ruunerfoeLISTNER" name="trash" time="0.001">
    <skipped/>
  </testcase> <!-- trash -->
</testsuite> <!-- Test -->
