<?xml version="1.0" encoding="UTF-8"?>
<!-- Generated by org.testng.reporters.JUnitXMLReporter -->
<testsuite ignored="0" hostname="DESKTOP-D58LBFN" failures="0" tests="4" name="Default test" time="65.211" errors="0" timestamp="2024-10-05T15:06:13 IST">
  <testcase classname="runnerscript.Runnerfornaukari_Dataprovider" name="test1" time="8.591"/>
  <testcase classname="runnerscript.Runnerfornaukari_Dataprovider" name="test1" time="8.668"/>
  <testcase classname="runnerscript.Runnerfornaukari_Dataprovider" name="test1" time="7.969"/>
  <testcase classname="runnerscript.Runnerfornaukari_Dataprovider" name="test1" time="11.144"/>
</testsuite> <!-- Default test -->
