<?xml version="1.0" encoding="UTF-8"?>
<testng-results ignored="0" total="1" passed="1" failed="0" skipped="0">
  <reporter-output>
  </reporter-output>
  <suite started-at="2024-10-17T16:46:16 IST" name="Suite" finished-at="2024-10-17T16:49:04 IST" duration-ms="167891">
    <groups>
    </groups>
    <test started-at="2024-10-17T16:46:16 IST" name="Test" finished-at="2024-10-17T16:49:04 IST" duration-ms="167891">
      <class name="basic.emptybrowser">
        <test-method signature="launch()[pri:0, instance:basic.emptybrowser@202b0582]" started-at="2024-10-17T16:46:16 IST" name="launch" finished-at="2024-10-17T16:49:04 IST" duration-ms="167696" status="PASS">
          <reporter-output>
          </reporter-output>
        </test-method> <!-- launch -->
      </class> <!-- basic.emptybrowser -->
    </test> <!-- Test -->
  </suite> <!-- Suite -->
</testng-results>
